{"C:\\Users\\ratha\\OneDrive\\Desktop\\Cedt Chula\\2-67\\Software Engineering\\Project\\Backend\\functions_to_be_tested\\calculateValueAfterDiscount.js": {"path":"C:\\Users\\ratha\\OneDrive\\Desktop\\Cedt Chula\\2-67\\Software Engineering\\Project\\Backend\\functions_to_be_tested\\calculateValueAfterDiscount.js","statementMap":{"0":{"start":{"line":2,"column":16},"end":{"line":2,"column":40}},"1":{"start":{"line":3,"column":2},"end":{"line":11,"column":3}},"2":{"start":{"line":4,"column":4},"end":{"line":4,"column":37}},"3":{"start":{"line":5,"column":9},"end":{"line":11,"column":3}},"4":{"start":{"line":6,"column":4},"end":{"line":6,"column":47}},"5":{"start":{"line":7,"column":9},"end":{"line":11,"column":3}},"6":{"start":{"line":8,"column":4},"end":{"line":8,"column":47}},"7":{"start":{"line":9,"column":9},"end":{"line":11,"column":3}},"8":{"start":{"line":10,"column":4},"end":{"line":10,"column":47}},"9":{"start":{"line":12,"column":2},"end":{"line":12,"column":23}},"10":{"start":{"line":14,"column":0},"end":{"line":14,"column":49}}},"fnMap":{"0":{"name":"calculateValueAfterDiscount","decl":{"start":{"line":1,"column":9},"end":{"line":1,"column":36}},"loc":{"start":{"line":1,"column":54},"end":{"line":13,"column":1}},"line":1}},"branchMap":{"0":{"loc":{"start":{"line":3,"column":2},"end":{"line":11,"column":3}},"type":"if","locations":[{"start":{"line":3,"column":2},"end":{"line":11,"column":3}},{"start":{"line":5,"column":9},"end":{"line":11,"column":3}}],"line":3},"1":{"loc":{"start":{"line":5,"column":9},"end":{"line":11,"column":3}},"type":"if","locations":[{"start":{"line":5,"column":9},"end":{"line":11,"column":3}},{"start":{"line":7,"column":9},"end":{"line":11,"column":3}}],"line":5},"2":{"loc":{"start":{"line":7,"column":9},"end":{"line":11,"column":3}},"type":"if","locations":[{"start":{"line":7,"column":9},"end":{"line":11,"column":3}},{"start":{"line":9,"column":9},"end":{"line":11,"column":3}}],"line":7},"3":{"loc":{"start":{"line":9,"column":9},"end":{"line":11,"column":3}},"type":"if","locations":[{"start":{"line":9,"column":9},"end":{"line":11,"column":3}},{"start":{},"end":{}}],"line":9}},"s":{"0":10,"1":10,"2":3,"3":7,"4":2,"5":5,"6":2,"7":3,"8":2,"9":10,"10":2},"f":{"0":10},"b":{"0":[3,7],"1":[2,5],"2":[2,3],"3":[2,1]},"_coverageSchema":"1a1c01bbd47fc00a2c39e90264f33305004495a9","hash":"8589643ecca67af6e45bc2ae7e799b166b39e722"}
,"C:\\Users\\ratha\\OneDrive\\Desktop\\Cedt Chula\\2-67\\Software Engineering\\Project\\Backend\\functions_to_be_tested\\createCoupon.js": {"path":"C:\\Users\\ratha\\OneDrive\\Desktop\\Cedt Chula\\2-67\\Software Engineering\\Project\\Backend\\functions_to_be_tested\\createCoupon.js","statementMap":{"0":{"start":{"line":1,"column":15},"end":{"line":1,"column":47}},"1":{"start":{"line":6,"column":0},"end":{"line":36,"column":2}},"2":{"start":{"line":7,"column":2},"end":{"line":35,"column":3}},"3":{"start":{"line":10,"column":6},"end":{"line":10,"column":14}},"4":{"start":{"line":12,"column":4},"end":{"line":18,"column":5}},"5":{"start":{"line":13,"column":6},"end":{"line":17,"column":9}},"6":{"start":{"line":20,"column":19},"end":{"line":27,"column":6}},"7":{"start":{"line":29,"column":4},"end":{"line":29,"column":58}},"8":{"start":{"line":31,"column":4},"end":{"line":31,"column":23}},"9":{"start":{"line":32,"column":4},"end":{"line":34,"column":65}}},"fnMap":{"0":{"name":"(anonymous_0)","decl":{"start":{"line":6,"column":23},"end":{"line":6,"column":24}},"loc":{"start":{"line":6,"column":49},"end":{"line":36,"column":1}},"line":6}},"branchMap":{"0":{"loc":{"start":{"line":12,"column":4},"end":{"line":18,"column":5}},"type":"if","locations":[{"start":{"line":12,"column":4},"end":{"line":18,"column":5}},{"start":{},"end":{}}],"line":12},"1":{"loc":{"start":{"line":12,"column":8},"end":{"line":12,"column":76}},"type":"binary-expr","locations":[{"start":{"line":12,"column":8},"end":{"line":12,"column":19}},{"start":{"line":12,"column":23},"end":{"line":12,"column":28}},{"start":{"line":12,"column":32},"end":{"line":12,"column":44}},{"start":{"line":12,"column":48},"end":{"line":12,"column":57}},{"start":{"line":12,"column":61},"end":{"line":12,"column":76}}],"line":12}},"s":{"0":1,"1":1,"2":3,"3":3,"4":3,"5":1,"6":2,"7":1,"8":1,"9":1},"f":{"0":3},"b":{"0":[1,2],"1":[3,3,2,2,2]},"_coverageSchema":"1a1c01bbd47fc00a2c39e90264f33305004495a9","hash":"2073da2869e17427b008558ce2083436a1644259"}
,"C:\\Users\\ratha\\OneDrive\\Desktop\\Cedt Chula\\2-67\\Software Engineering\\Project\\Backend\\functions_to_be_tested\\createRent.js": {"path":"C:\\Users\\ratha\\OneDrive\\Desktop\\Cedt Chula\\2-67\\Software Engineering\\Project\\Backend\\functions_to_be_tested\\createRent.js","statementMap":{"0":{"start":{"line":1,"column":13},"end":{"line":1,"column":43}},"1":{"start":{"line":2,"column":12},"end":{"line":2,"column":41}},"2":{"start":{"line":3,"column":13},"end":{"line":3,"column":43}},"3":{"start":{"line":4,"column":17},"end":{"line":4,"column":51}},"4":{"start":{"line":5,"column":25},"end":{"line":5,"column":50}},"5":{"start":{"line":6,"column":40},"end":{"line":6,"column":80}},"6":{"start":{"line":11,"column":0},"end":{"line":96,"column":2}},"7":{"start":{"line":12,"column":2},"end":{"line":95,"column":3}},"8":{"start":{"line":13,"column":71},"end":{"line":13,"column":79}},"9":{"start":{"line":14,"column":4},"end":{"line":14,"column":41}},"10":{"start":{"line":15,"column":21},"end":{"line":15,"column":38}},"11":{"start":{"line":18,"column":18},"end":{"line":18,"column":37}},"12":{"start":{"line":19,"column":16},"end":{"line":19,"column":33}},"13":{"start":{"line":20,"column":4},"end":{"line":24,"column":5}},"14":{"start":{"line":21,"column":6},"end":{"line":23,"column":80}},"15":{"start":{"line":26,"column":25},"end":{"line":33,"column":6}},"16":{"start":{"line":34,"column":4},"end":{"line":39,"column":5}},"17":{"start":{"line":35,"column":6},"end":{"line":38,"column":9}},"18":{"start":{"line":41,"column":16},"end":{"line":41,"column":52}},"19":{"start":{"line":42,"column":4},"end":{"line":47,"column":5}},"20":{"start":{"line":43,"column":6},"end":{"line":46,"column":9}},"21":{"start":{"line":48,"column":26},"end":{"line":51,"column":6}},"22":{"start":{"line":52,"column":4},"end":{"line":57,"column":5}},"23":{"start":{"line":53,"column":6},"end":{"line":56,"column":9}},"24":{"start":{"line":58,"column":4},"end":{"line":58,"column":50}},"25":{"start":{"line":59,"column":4},"end":{"line":62,"column":6}},"26":{"start":{"line":63,"column":4},"end":{"line":63,"column":35}},"27":{"start":{"line":64,"column":4},"end":{"line":64,"column":37}},"28":{"start":{"line":66,"column":17},"end":{"line":66,"column":47}},"29":{"start":{"line":67,"column":32},"end":{"line":67,"column":49}},"30":{"start":{"line":68,"column":40},"end":{"line":68,"column":65}},"31":{"start":{"line":69,"column":28},"end":{"line":69,"column":69}},"32":{"start":{"line":71,"column":6},"end":{"line":71,"column":55}},"33":{"start":{"line":72,"column":4},"end":{"line":78,"column":6}},"34":{"start":{"line":79,"column":4},"end":{"line":79,"column":72}},"35":{"start":{"line":80,"column":17},"end":{"line":80,"column":44}},"36":{"start":{"line":82,"column":4},"end":{"line":88,"column":7}},"37":{"start":{"line":89,"column":4},"end":{"line":89,"column":56}},"38":{"start":{"line":91,"column":4},"end":{"line":91,"column":23}},"39":{"start":{"line":92,"column":4},"end":{"line":94,"column":63}}},"fnMap":{"0":{"name":"(anonymous_0)","decl":{"start":{"line":11,"column":21},"end":{"line":11,"column":22}},"loc":{"start":{"line":11,"column":47},"end":{"line":96,"column":1}},"line":11}},"branchMap":{"0":{"loc":{"start":{"line":20,"column":4},"end":{"line":24,"column":5}},"type":"if","locations":[{"start":{"line":20,"column":4},"end":{"line":24,"column":5}},{"start":{},"end":{}}],"line":20},"1":{"loc":{"start":{"line":34,"column":4},"end":{"line":39,"column":5}},"type":"if","locations":[{"start":{"line":34,"column":4},"end":{"line":39,"column":5}},{"start":{},"end":{}}],"line":34},"2":{"loc":{"start":{"line":42,"column":4},"end":{"line":47,"column":5}},"type":"if","locations":[{"start":{"line":42,"column":4},"end":{"line":47,"column":5}},{"start":{},"end":{}}],"line":42},"3":{"loc":{"start":{"line":52,"column":4},"end":{"line":57,"column":5}},"type":"if","locations":[{"start":{"line":52,"column":4},"end":{"line":57,"column":5}},{"start":{},"end":{}}],"line":52},"4":{"loc":{"start":{"line":52,"column":8},"end":{"line":52,"column":61}},"type":"binary-expr","locations":[{"start":{"line":52,"column":8},"end":{"line":52,"column":33}},{"start":{"line":52,"column":37},"end":{"line":52,"column":61}}],"line":52}},"s":{"0":1,"1":1,"2":1,"3":1,"4":1,"5":1,"6":1,"7":6,"8":6,"9":6,"10":6,"11":6,"12":6,"13":6,"14":1,"15":5,"16":4,"17":1,"18":3,"19":3,"20":1,"21":2,"22":2,"23":1,"24":1,"25":1,"26":1,"27":1,"28":1,"29":1,"30":1,"31":1,"32":1,"33":1,"34":1,"35":1,"36":1,"37":1,"38":1,"39":1},"f":{"0":6},"b":{"0":[1,5],"1":[1,3],"2":[1,2],"3":[1,1],"4":[2,1]},"_coverageSchema":"1a1c01bbd47fc00a2c39e90264f33305004495a9","hash":"53f19bdc3a849e5a70b7c7f4c7101389d2d7b068"}
,"C:\\Users\\ratha\\OneDrive\\Desktop\\Cedt Chula\\2-67\\Software Engineering\\Project\\Backend\\functions_to_be_tested\\deleteExpiredCoupon.js": {"path":"C:\\Users\\ratha\\OneDrive\\Desktop\\Cedt Chula\\2-67\\Software Engineering\\Project\\Backend\\functions_to_be_tested\\deleteExpiredCoupon.js","statementMap":{"0":{"start":{"line":1,"column":15},"end":{"line":1,"column":47}},"1":{"start":{"line":6,"column":0},"end":{"line":22,"column":2}},"2":{"start":{"line":7,"column":2},"end":{"line":21,"column":3}},"3":{"start":{"line":8,"column":24},"end":{"line":8,"column":34}},"4":{"start":{"line":9,"column":19},"end":{"line":11,"column":6}},"5":{"start":{"line":12,"column":4},"end":{"line":15,"column":7}},"6":{"start":{"line":17,"column":4},"end":{"line":17,"column":23}},"7":{"start":{"line":18,"column":4},"end":{"line":20,"column":74}}},"fnMap":{"0":{"name":"(anonymous_0)","decl":{"start":{"line":6,"column":31},"end":{"line":6,"column":32}},"loc":{"start":{"line":6,"column":57},"end":{"line":22,"column":1}},"line":6}},"branchMap":{},"s":{"0":1,"1":1,"2":2,"3":2,"4":2,"5":1,"6":1,"7":1},"f":{"0":2},"b":{},"_coverageSchema":"1a1c01bbd47fc00a2c39e90264f33305004495a9","hash":"50b2f95129fdf74f601f1430d99b48eaea907c25"}
,"C:\\Users\\ratha\\OneDrive\\Desktop\\Cedt Chula\\2-67\\Software Engineering\\Project\\Backend\\functions_to_be_tested\\getTotalDays.js": {"path":"C:\\Users\\ratha\\OneDrive\\Desktop\\Cedt Chula\\2-67\\Software Engineering\\Project\\Backend\\functions_to_be_tested\\getTotalDays.js","statementMap":{"0":{"start":{"line":2,"column":19},"end":{"line":2,"column":70}},"1":{"start":{"line":3,"column":4},"end":{"line":3,"column":46}},"2":{"start":{"line":5,"column":0},"end":{"line":5,"column":34}}},"fnMap":{"0":{"name":"getTotalDays","decl":{"start":{"line":1,"column":9},"end":{"line":1,"column":21}},"loc":{"start":{"line":1,"column":34},"end":{"line":4,"column":1}},"line":1}},"branchMap":{},"s":{"0":4,"1":4,"2":2},"f":{"0":4},"b":{},"_coverageSchema":"1a1c01bbd47fc00a2c39e90264f33305004495a9","hash":"de9d9f1658164789ea10407a61529f6dfadf8a40"}
,"C:\\Users\\ratha\\OneDrive\\Desktop\\Cedt Chula\\2-67\\Software Engineering\\Project\\Backend\\models\\AuditLogModel.js": {"path":"C:\\Users\\ratha\\OneDrive\\Desktop\\Cedt Chula\\2-67\\Software Engineering\\Project\\Backend\\models\\AuditLogModel.js","statementMap":{"0":{"start":{"line":1,"column":17},"end":{"line":1,"column":36}},"1":{"start":{"line":3,"column":23},"end":{"line":28,"column":2}},"2":{"start":{"line":30,"column":0},"end":{"line":30,"column":60}}},"fnMap":{},"branchMap":{},"s":{"0":1,"1":1,"2":1},"f":{},"b":{},"_coverageSchema":"1a1c01bbd47fc00a2c39e90264f33305004495a9","hash":"938d564e8f579e86d99a461e1f20fee6f08433f2"}
,"C:\\Users\\ratha\\OneDrive\\Desktop\\Cedt Chula\\2-67\\Software Engineering\\Project\\Backend\\models\\CarModel.js": {"path":"C:\\Users\\ratha\\OneDrive\\Desktop\\Cedt Chula\\2-67\\Software Engineering\\Project\\Backend\\models\\CarModel.js","statementMap":{"0":{"start":{"line":1,"column":17},"end":{"line":1,"column":36}},"1":{"start":{"line":3,"column":18},"end":{"line":45,"column":1}},"2":{"start":{"line":47,"column":0},"end":{"line":52,"column":3}},"3":{"start":{"line":54,"column":0},"end":{"line":54,"column":50}}},"fnMap":{},"branchMap":{},"s":{"0":1,"1":1,"2":1,"3":1},"f":{},"b":{},"_coverageSchema":"1a1c01bbd47fc00a2c39e90264f33305004495a9","hash":"b89885b638927a8b4d01e96f0a5cd13ae712866d"}
,"C:\\Users\\ratha\\OneDrive\\Desktop\\Cedt Chula\\2-67\\Software Engineering\\Project\\Backend\\models\\CouponModel.js": {"path":"C:\\Users\\ratha\\OneDrive\\Desktop\\Cedt Chula\\2-67\\Software Engineering\\Project\\Backend\\models\\CouponModel.js","statementMap":{"0":{"start":{"line":1,"column":17},"end":{"line":1,"column":36}},"1":{"start":{"line":3,"column":21},"end":{"line":46,"column":1}},"2":{"start":{"line":51,"column":0},"end":{"line":51,"column":56}}},"fnMap":{},"branchMap":{},"s":{"0":2,"1":2,"2":2},"f":{},"b":{},"_coverageSchema":"1a1c01bbd47fc00a2c39e90264f33305004495a9","hash":"499897b8b2e5cc2e37b504bf7aad00b81f48e63f"}
,"C:\\Users\\ratha\\OneDrive\\Desktop\\Cedt Chula\\2-67\\Software Engineering\\Project\\Backend\\models\\RentModel.js": {"path":"C:\\Users\\ratha\\OneDrive\\Desktop\\Cedt Chula\\2-67\\Software Engineering\\Project\\Backend\\models\\RentModel.js","statementMap":{"0":{"start":{"line":1,"column":17},"end":{"line":1,"column":36}},"1":{"start":{"line":3,"column":19},"end":{"line":78,"column":1}},"2":{"start":{"line":81,"column":0},"end":{"line":87,"column":3}},"3":{"start":{"line":82,"column":22},"end":{"line":82,"column":32}},"4":{"start":{"line":83,"column":2},"end":{"line":85,"column":3}},"5":{"start":{"line":84,"column":4},"end":{"line":84,"column":29}},"6":{"start":{"line":86,"column":2},"end":{"line":86,"column":9}},"7":{"start":{"line":89,"column":0},"end":{"line":89,"column":52}}},"fnMap":{"0":{"name":"(anonymous_0)","decl":{"start":{"line":81,"column":23},"end":{"line":81,"column":24}},"loc":{"start":{"line":81,"column":39},"end":{"line":87,"column":1}},"line":81}},"branchMap":{"0":{"loc":{"start":{"line":83,"column":2},"end":{"line":85,"column":3}},"type":"if","locations":[{"start":{"line":83,"column":2},"end":{"line":85,"column":3}},{"start":{},"end":{}}],"line":83}},"s":{"0":1,"1":1,"2":1,"3":0,"4":0,"5":0,"6":0,"7":1},"f":{"0":0},"b":{"0":[0,0]},"_coverageSchema":"1a1c01bbd47fc00a2c39e90264f33305004495a9","hash":"62b8d46d0c51dec96a5eda1e8cffbfb34446a211"}
,"C:\\Users\\ratha\\OneDrive\\Desktop\\Cedt Chula\\2-67\\Software Engineering\\Project\\Backend\\models\\UserModel.js": {"path":"C:\\Users\\ratha\\OneDrive\\Desktop\\Cedt Chula\\2-67\\Software Engineering\\Project\\Backend\\models\\UserModel.js","statementMap":{"0":{"start":{"line":1,"column":17},"end":{"line":1,"column":36}},"1":{"start":{"line":2,"column":15},"end":{"line":2,"column":34}},"2":{"start":{"line":3,"column":12},"end":{"line":3,"column":35}},"3":{"start":{"line":5,"column":19},"end":{"line":52,"column":2}},"4":{"start":{"line":55,"column":0},"end":{"line":58,"column":3}},"5":{"start":{"line":56,"column":15},"end":{"line":56,"column":39}},"6":{"start":{"line":57,"column":2},"end":{"line":57,"column":57}},"7":{"start":{"line":61,"column":0},"end":{"line":65,"column":2}},"8":{"start":{"line":62,"column":2},"end":{"line":64,"column":5}},"9":{"start":{"line":68,"column":0},"end":{"line":70,"column":2}},"10":{"start":{"line":69,"column":2},"end":{"line":69,"column":62}},"11":{"start":{"line":72,"column":0},"end":{"line":72,"column":52}}},"fnMap":{"0":{"name":"(anonymous_0)","decl":{"start":{"line":55,"column":23},"end":{"line":55,"column":24}},"loc":{"start":{"line":55,"column":45},"end":{"line":58,"column":1}},"line":55},"1":{"name":"(anonymous_1)","decl":{"start":{"line":61,"column":39},"end":{"line":61,"column":40}},"loc":{"start":{"line":61,"column":51},"end":{"line":65,"column":1}},"line":61},"2":{"name":"(anonymous_2)","decl":{"start":{"line":68,"column":35},"end":{"line":68,"column":36}},"loc":{"start":{"line":68,"column":68},"end":{"line":70,"column":1}},"line":68}},"branchMap":{},"s":{"0":1,"1":1,"2":1,"3":1,"4":1,"5":0,"6":0,"7":1,"8":0,"9":1,"10":0,"11":1},"f":{"0":0,"1":0,"2":0},"b":{},"_coverageSchema":"1a1c01bbd47fc00a2c39e90264f33305004495a9","hash":"31f963d1e7fffad2cf1ed82ad6dcd9751925f89d"}
}
