TN:
SF:functions_to_be_tested\calculateValueAfterDiscount.js
FN:1,calculateValueAfterDiscount
FNF:1
FNH:1
FNDA:10,calculateValueAfterDiscount
DA:2,10
DA:3,10
DA:4,3
DA:5,7
DA:6,2
DA:7,5
DA:8,2
DA:9,3
DA:10,2
DA:12,10
DA:14,2
LF:11
LH:11
BRDA:3,0,0,3
BRDA:3,0,1,7
BRDA:5,1,0,2
BRDA:5,1,1,5
BRDA:7,2,0,2
BRDA:7,2,1,3
BRDA:9,3,0,2
BRDA:9,3,1,1
BRF:8
BRH:8
end_of_record
TN:
SF:functions_to_be_tested\createCoupon.js
FN:6,(anonymous_0)
FNF:1
FNH:1
FNDA:3,(anonymous_0)
DA:1,1
DA:6,1
DA:7,3
DA:10,3
DA:12,3
DA:13,1
DA:20,2
DA:29,1
DA:31,1
DA:32,1
LF:10
LH:10
BRDA:12,0,0,1
BRDA:12,0,1,2
BRDA:12,1,0,3
BRDA:12,1,1,3
BRDA:12,1,2,2
BRDA:12,1,3,2
BRDA:12,1,4,2
BRF:7
BRH:7
end_of_record
TN:
SF:functions_to_be_tested\createRent.js
FN:11,(anonymous_0)
FNF:1
FNH:1
FNDA:6,(anonymous_0)
DA:1,1
DA:2,1
DA:3,1
DA:4,1
DA:5,1
DA:6,1
DA:11,1
DA:12,6
DA:13,6
DA:14,6
DA:15,6
DA:18,6
DA:19,6
DA:20,6
DA:21,1
DA:26,5
DA:34,4
DA:35,1
DA:41,3
DA:42,3
DA:43,1
DA:48,2
DA:52,2
DA:53,1
DA:58,1
DA:59,1
DA:63,1
DA:64,1
DA:66,1
DA:67,1
DA:68,1
DA:69,1
DA:71,1
DA:72,1
DA:79,1
DA:80,1
DA:82,1
DA:89,1
DA:91,1
DA:92,1
LF:40
LH:40
BRDA:20,0,0,1
BRDA:20,0,1,5
BRDA:34,1,0,1
BRDA:34,1,1,3
BRDA:42,2,0,1
BRDA:42,2,1,2
BRDA:52,3,0,1
BRDA:52,3,1,1
BRDA:52,4,0,2
BRDA:52,4,1,1
BRF:10
BRH:10
end_of_record
TN:
SF:functions_to_be_tested\deleteExpiredCoupon.js
FN:6,(anonymous_0)
FNF:1
FNH:1
FNDA:2,(anonymous_0)
DA:1,1
DA:6,1
DA:7,2
DA:8,2
DA:9,2
DA:12,1
DA:17,1
DA:18,1
LF:8
LH:8
BRF:0
BRH:0
end_of_record
TN:
SF:functions_to_be_tested\getTotalDays.js
FN:1,getTotalDays
FNF:1
FNH:1
FNDA:4,getTotalDays
DA:2,4
DA:3,4
DA:5,2
LF:3
LH:3
BRF:0
BRH:0
end_of_record
TN:
SF:models\AuditLogModel.js
FNF:0
FNH:0
DA:1,1
DA:3,1
DA:30,1
LF:3
LH:3
BRF:0
BRH:0
end_of_record
TN:
SF:models\CarModel.js
FNF:0
FNH:0
DA:1,1
DA:3,1
DA:47,1
DA:54,1
LF:4
LH:4
BRF:0
BRH:0
end_of_record
TN:
SF:models\CouponModel.js
FNF:0
FNH:0
DA:1,2
DA:3,2
DA:51,2
LF:3
LH:3
BRF:0
BRH:0
end_of_record
TN:
SF:models\RentModel.js
FN:81,(anonymous_0)
FNF:1
FNH:0
FNDA:0,(anonymous_0)
DA:1,1
DA:3,1
DA:81,1
DA:82,0
DA:83,0
DA:84,0
DA:86,0
DA:89,1
LF:8
LH:4
BRDA:83,0,0,0
BRDA:83,0,1,0
BRF:2
BRH:0
end_of_record
TN:
SF:models\UserModel.js
FN:55,(anonymous_0)
FN:61,(anonymous_1)
FN:68,(anonymous_2)
FNF:3
FNH:0
FNDA:0,(anonymous_0)
FNDA:0,(anonymous_1)
FNDA:0,(anonymous_2)
DA:1,1
DA:2,1
DA:3,1
DA:5,1
DA:55,1
DA:56,0
DA:57,0
DA:61,1
DA:62,0
DA:68,1
DA:69,0
DA:72,1
LF:12
LH:8
BRF:0
BRH:0
end_of_record
